[    2107ms] [WARNING] [ReDoc Compatibility mode]: Converting OpenAPI 2.0 to OpenAPI 3.0 @ https://cdn2.ozone.ru/s3/redoc/scripts/v7.30/redoc.standalone.js:36
[    2238ms] [WARNING] Non-existing tag "InvoiceAPI" is added to the group "Базовые методы" @ https://cdn2.ozone.ru/s3/redoc/scripts/v7.30/redoc.standalone.js:105
[ 2854387ms] [ERROR] Failed to load resource: net::ERR_NETWORK_CHANGED @ https://xapi.ozon.ru/dlte/multi:0
[ 2865358ms] [ERROR] Failed to load resource: net::ERR_NAME_NOT_RESOLVED @ https://xapi.ozon.ru/dlte/multi:0
[ 2883942ms] [ERROR] Failed to load resource: net::ERR_NAME_NOT_RESOLVED @ https://xapi.ozon.ru/dlte/multi:0
[ 2883942ms] [ERROR] Failed to load resource: net::ERR_NAME_NOT_RESOLVED @ https://xapi.ozon.ru/dlte/multi:0
[ 2903954ms] [ERROR] Failed to load resource: net::ERR_NAME_NOT_RESOLVED @ https://xapi.ozon.ru/dlte/multi:0
[ 2903954ms] [ERROR] Failed to load resource: net::ERR_NAME_NOT_RESOLVED @ https://xapi.ozon.ru/dlte/multi:0
[ 2923943ms] [ERROR] Failed to load resource: net::ERR_NAME_NOT_RESOLVED @ https://xapi.ozon.ru/dlte/multi:0
[ 2923944ms] [ERROR] Failed to load resource: net::ERR_NAME_NOT_RESOLVED @ https://xapi.ozon.ru/dlte/multi:0
[ 2943934ms] [ERROR] Failed to load resource: net::ERR_NAME_NOT_RESOLVED @ https://xapi.ozon.ru/dlte/multi:0
[ 2943934ms] [ERROR] Failed to load resource: net::ERR_NAME_NOT_RESOLVED @ https://xapi.ozon.ru/dlte/multi:0
[ 2963933ms] [ERROR] Failed to load resource: net::ERR_NAME_NOT_RESOLVED @ https://xapi.ozon.ru/dlte/multi:0
[ 2963934ms] [ERROR] Failed to load resource: net::ERR_NAME_NOT_RESOLVED @ https://xapi.ozon.ru/dlte/multi:0
[ 2983946ms] [ERROR] Failed to load resource: net::ERR_NAME_NOT_RESOLVED @ https://xapi.ozon.ru/dlte/multi:0
[ 2983947ms] [ERROR] Failed to load resource: net::ERR_NAME_NOT_RESOLVED @ https://xapi.ozon.ru/dlte/multi:0
[ 3003927ms] [ERROR] Failed to load resource: net::ERR_NAME_NOT_RESOLVED @ https://xapi.ozon.ru/dlte/multi:0
[ 3003927ms] [ERROR] Failed to load resource: net::ERR_NAME_NOT_RESOLVED @ https://xapi.ozon.ru/dlte/multi:0
[ 3023917ms] [ERROR] Failed to load resource: net::ERR_NAME_NOT_RESOLVED @ https://xapi.ozon.ru/dlte/multi:0
[ 3023918ms] [ERROR] Failed to load resource: net::ERR_NAME_NOT_RESOLVED @ https://xapi.ozon.ru/dlte/multi:0
[ 3043943ms] [ERROR] Failed to load resource: net::ERR_NAME_NOT_RESOLVED @ https://xapi.ozon.ru/dlte/multi:0
[ 3043943ms] [ERROR] Failed to load resource: net::ERR_NAME_NOT_RESOLVED @ https://xapi.ozon.ru/dlte/multi:0
[ 3063938ms] [ERROR] Failed to load resource: net::ERR_NAME_NOT_RESOLVED @ https://xapi.ozon.ru/dlte/multi:0
[ 3063939ms] [ERROR] Failed to load resource: net::ERR_NAME_NOT_RESOLVED @ https://xapi.ozon.ru/dlte/multi:0
[ 3083950ms] [ERROR] Failed to load resource: net::ERR_NAME_NOT_RESOLVED @ https://xapi.ozon.ru/dlte/multi:0
[ 3083951ms] [ERROR] Failed to load resource: net::ERR_NAME_NOT_RESOLVED @ https://xapi.ozon.ru/dlte/multi:0
[ 3103928ms] [ERROR] Failed to load resource: net::ERR_NAME_NOT_RESOLVED @ https://xapi.ozon.ru/dlte/multi:0
[ 3103928ms] [ERROR] Failed to load resource: net::ERR_NAME_NOT_RESOLVED @ https://xapi.ozon.ru/dlte/multi:0
[ 3111964ms] [ERROR] Failed to load resource: net::ERR_NETWORK_CHANGED @ https://xapi.ozon.ru/dlte/multi:0
[ 3131084ms] [ERROR] Failed to load resource: net::ERR_NETWORK_CHANGED @ https://xapi.ozon.ru/dlte/multi:0
[ 3163924ms] [ERROR] Failed to load resource: net::ERR_NAME_NOT_RESOLVED @ https://xapi.ozon.ru/dlte/multi:0
[ 3163924ms] [ERROR] Failed to load resource: net::ERR_NAME_NOT_RESOLVED @ https://xapi.ozon.ru/dlte/multi:0
[ 3177934ms] [ERROR] Failed to load resource: net::ERR_NETWORK_CHANGED @ https://xapi.ozon.ru/dlte/multi:0
[ 3183885ms] [ERROR] Failed to load resource: net::ERR_NETWORK_CHANGED @ https://xapi.ozon.ru/dlte/multi:0
[ 3198452ms] [ERROR] Failed to load resource: net::ERR_NETWORK_CHANGED @ https://xapi.ozon.ru/dlte/multi:0
[ 4371925ms] [ERROR] Failed to load resource: net::ERR_HTTP2_PING_FAILED @ https://xapi.ozon.ru/dlte/multi:0
[ 4371928ms] [ERROR] Failed to load resource: net::ERR_HTTP2_PING_FAILED @ https://xapi.ozon.ru/dlte/multi:0
[ 4371931ms] [ERROR] Failed to load resource: net::ERR_HTTP2_PING_FAILED @ https://xapi.ozon.ru/dlte/multi:0
[ 4429862ms] [ERROR] Failed to load resource: net::ERR_HTTP2_SERVER_REFUSED_STREAM @ https://xapi.ozon.ru/dlte/multi:0
[ 4429867ms] [ERROR] Failed to load resource: net::ERR_HTTP2_SERVER_REFUSED_STREAM @ https://xapi.ozon.ru/dlte/multi:0
